<?xml version="1.0" encoding="UTF-8"?>
<!-- Generated by org.testng.reporters.JUnitReportReporter -->
<testsuite hostname="DESKTOP-PNQLD87" failures="0" tests="5" name="com.training.runner.Runner" time="74.638" errors="0" timestamp="2022-05-28T12:09:36 PDT" skipped="0">
  <testcase classname="com.training.runner.Runner" name="runScenario" time="13.391"/>
  <system-out/>
  <testcase classname="com.training.runner.Runner" name="runScenario" time="13.929"/>
  <system-out/>
  <testcase classname="com.training.runner.Runner" name="runScenario" time="30.255"/>
  <system-out/>
  <testcase classname="com.training.runner.Runner" name="runScenario" time="7.866"/>
  <system-out/>
  <testcase classname="com.training.runner.Runner" name="runScenario" time="9.197"/>
  <system-out/>
</testsuite> <!-- com.training.runner.Runner -->
