<?xml version="1.0" encoding="UTF-8"?>
<!-- Generated by org.testng.reporters.JUnitReportReporter -->
<testsuite hostname="DESKTOP-PNQLD87" failures="0" tests="5" name="com.training.runner.Runner" time="38.370" errors="0" timestamp="2022-05-28T01:24:12 PDT" skipped="0">
  <testcase classname="com.training.runner.Runner" name="runScenario" time="12.514"/>
  <system-out/>
  <testcase classname="com.training.runner.Runner" name="runScenario" time="2.979"/>
  <system-out/>
  <testcase classname="com.training.runner.Runner" name="runScenario" time="8.314"/>
  <system-out/>
  <testcase classname="com.training.runner.Runner" name="runScenario" time="3.968"/>
  <system-out/>
  <testcase classname="com.training.runner.Runner" name="runScenario" time="10.595"/>
  <system-out/>
</testsuite> <!-- com.training.runner.Runner -->
