<?xml version="1.0" encoding="UTF-8"?>
<!-- Generated by org.testng.reporters.JUnitReportReporter -->
<testsuite hostname="DESKTOP-PNQLD87" failures="0" tests="5" name="com.training.runner.Runner" time="37.192" errors="0" timestamp="2022-05-28T00:39:40 PDT" skipped="0">
  <testcase classname="com.training.runner.Runner" name="runScenario" time="8.242"/>
  <system-out/>
  <testcase classname="com.training.runner.Runner" name="runScenario" time="3.133"/>
  <system-out/>
  <testcase classname="com.training.runner.Runner" name="runScenario" time="3.390"/>
  <system-out/>
  <testcase classname="com.training.runner.Runner" name="runScenario" time="12.160"/>
  <system-out/>
  <testcase classname="com.training.runner.Runner" name="runScenario" time="10.267"/>
  <system-out/>
</testsuite> <!-- com.training.runner.Runner -->
